[2026-03-23 21:32:39,594] multiqc                                            [DEBUG  ]  This is MultiQC v1.18
[2026-03-23 21:32:39,598] multiqc                                            [DEBUG  ]  Loading config settings from: multiqc_config.yml
[2026-03-23 21:32:39,598] multiqc                                            [DEBUG  ]  New config: {'report_comment': 'This report has been generated by the <a href="https://github.com/nf-core/rnasplice/releases/tag/1.0.4" target="_blank">nf-core/rnasplice</a> analysis pipeline. For information about how to interpret these results, please see the <a href="https://nf-co.re/rnasplice/1.0.4/docs/output" target="_blank">documentation</a>.\n', 'report_section_order': {'nf-core-rnasplice-methods-description': {'order': -1000}, 'software_versions': {'order': -1001}, 'nf-core-rnasplice-summary': {'order': -1002}}, 'export_plots': True, 'top_modules': ['fail_trimmed_samples'], 'custom_data': {'fail_trimmed_samples': {'section_name': 'WARNING: Fail Trimming Check', 'description': "List of samples that failed the minimum trimmed reads threshold specified via the '--min_trimmed_reads' parameter. These samples have still be used downstream but should be examined further.", 'plot_type': 'table', 'pconfig': {'id': 'fail_trimmed_samples_table', 'table_title': 'Samples failed trimming threshold', 'namespace': 'Samples failed trimming threshold', 'format': '{:.0f}'}}}}
[2026-03-23 21:32:39,600] multiqc                                            [DEBUG  ]  Loading config settings from: multiqc_config.yml
[2026-03-23 21:32:39,600] multiqc                                            [DEBUG  ]  New config: {'report_comment': 'This report has been generated by the <a href="https://github.com/nf-core/rnasplice/releases/tag/1.0.4" target="_blank">nf-core/rnasplice</a> analysis pipeline. For information about how to interpret these results, please see the <a href="https://nf-co.re/rnasplice/1.0.4/docs/output" target="_blank">documentation</a>.\n', 'report_section_order': {'nf-core-rnasplice-methods-description': {'order': -1000}, 'software_versions': {'order': -1001}, 'nf-core-rnasplice-summary': {'order': -1002}}, 'export_plots': True, 'top_modules': ['fail_trimmed_samples'], 'custom_data': {'fail_trimmed_samples': {'section_name': 'WARNING: Fail Trimming Check', 'description': "List of samples that failed the minimum trimmed reads threshold specified via the '--min_trimmed_reads' parameter. These samples have still be used downstream but should be examined further.", 'plot_type': 'table', 'pconfig': {'id': 'fail_trimmed_samples_table', 'table_title': 'Samples failed trimming threshold', 'namespace': 'Samples failed trimming threshold', 'format': '{:.0f}'}}}}
[2026-03-23 21:32:39,600] multiqc                                            [DEBUG  ]  Command used: /usr/local/bin/multiqc --force --config multiqc_config.yml .
[2026-03-23 21:32:40,240] multiqc                                            [WARNING]  MultiQC Version v1.33 now available!
[2026-03-23 21:32:40,240] multiqc                                            [DEBUG  ]  Working dir : /scratch/5847919/nxf.UsP6YuMrOV
[2026-03-23 21:32:40,240] multiqc                                            [DEBUG  ]  Template    : default
[2026-03-23 21:32:40,240] multiqc                                            [DEBUG  ]  Running Python 3.11.6 | packaged by conda-forge | (main, Oct  3 2023, 10:40:35) [GCC 12.3.0]
[2026-03-23 21:32:40,241] multiqc                                            [DEBUG  ]  Analysing modules: custom_content, ccs, ngsderive, purple, conpair, lima, peddy, somalier, methylQA, mosdepth, phantompeakqualtools, qualimap, preseq, hifiasm, quast, qorts, rna_seqc, rockhopper, rsem, rseqc, busco, bustools, goleft_indexcov, gffcompare, disambiguate, supernova, deeptools, sargasso, verifybamid, mirtrace, happy, mirtop, sambamba, gopeaks, homer, hops, macs2, theta2, snpeff, gatk, htseq, bcftools, featureCounts, fgbio, dragen, dragen_fastqc, dedup, pbmarkdup, damageprofiler, mapdamage, biobambam2, jcvi, mtnucratio, picard, vep, bakta, prokka, qc3C, nanostat, samblaster, samtools, sexdeterrmine, seqera_cli, eigenstratdatabasetools, bamtools, jellyfish, vcftools, longranger, stacks, varscan2, snippy, umitools, truvari, bbmap, bismark, biscuit, diamond, hicexplorer, hicup, hicpro, salmon, kallisto, slamdunk, star, hisat2, tophat, bowtie2, bowtie1, cellranger, snpsplit, odgi, pangolin, nextclade, freyja, humid, kat, leehom, librarian, adapterRemoval, bbduk, clipandmerge, cutadapt, flexbar, sourmash, kaiju, bracken, kraken, malt, motus, trimmomatic, sickle, skewer, sortmerna, biobloomtools, fastq_screen, afterqc, fastp, fastqc, filtlong, prinseqplusplus, pychopper, porechop, pycoqc, minionqc, anglerfish, multivcfanalyzer, clusterflow, checkqc, bcl2fastq, bclconvert, interop, ivar, flash, seqyclean, optitype, whatshap, xenome, xengsort
[2026-03-23 21:32:40,241] multiqc                                            [DEBUG  ]  Using temporary directory for creating report: /scratch/5847919/tmp0if1ilb7
[2026-03-23 21:32:40,244] multiqc                                            [INFO   ]  Search path : /scratch/5847919/nxf.UsP6YuMrOV
[2026-03-23 21:32:47,891] multiqc                                            [DEBUG  ]  Summary of files that were skipped by the search: [skipped_module_specific_max_filesize: 770] // [skipped_no_match: 124]
[2026-03-23 21:32:49,058] multiqc.plots.bargraph                             [DEBUG  ]  Using matplotlib version 3.8.1
[2026-03-23 21:32:49,060] multiqc.plots.linegraph                            [DEBUG  ]  Using matplotlib version 3.8.1
[2026-03-23 21:32:49,107] multiqc.modules.custom_content.custom_content      [INFO   ]  software_versions: Found 1 sample (html)
[2026-03-23 21:32:49,107] multiqc.modules.custom_content.custom_content      [INFO   ]  nf-core-rnasplice-summary: Found 1 sample (html)
[2026-03-23 21:32:49,107] multiqc.modules.custom_content.custom_content      [INFO   ]  nf-core-rnasplice-methods-description: Found 1 sample (html)
[2026-03-23 21:32:49,113] multiqc.modules.featureCounts.feature_counts       [INFO   ]  Found 12 reports
[2026-03-23 21:32:51,756] multiqc.modules.samtools.samtools                  [INFO   ]  Found 12 stats reports
[2026-03-23 21:32:51,764] multiqc.modules.samtools.samtools                  [INFO   ]  Found 12 flagstat reports
[2026-03-23 21:32:56,658] multiqc.modules.samtools.samtools                  [INFO   ]  Found 12 idxstats reports
[2026-03-23 21:32:56,900] multiqc.modules.salmon.salmon                      [INFO   ]  Found 12 meta reports
[2026-03-23 21:32:56,900] multiqc.modules.salmon.salmon                      [INFO   ]  Found 12 fragment length distributions
[2026-03-23 21:32:58,013] multiqc.modules.star.star                          [INFO   ]  Found 12 reports
[2026-03-23 21:32:59,395] multiqc.modules.cutadapt.cutadapt                  [INFO   ]  Found 24 reports
[2026-03-23 21:33:06,336] multiqc.modules.fastqc.fastqc                      [INFO   ]  Found 48 reports
[2026-03-23 21:33:14,232] multiqc.utils.software_versions                    [DEBUG  ]  Reading software versions from config.software_versions
[2026-03-23 21:33:14,234] multiqc                                            [DEBUG  ]  Reordering sections: anchor 'nf-core-rnasplice-methods-description' not found for module 'featureCounts'.
[2026-03-23 21:33:14,234] multiqc                                            [DEBUG  ]  Reordering sections: anchor 'software_versions' not found for module 'featureCounts'.
[2026-03-23 21:33:14,234] multiqc                                            [DEBUG  ]  Reordering sections: anchor 'nf-core-rnasplice-summary' not found for module 'featureCounts'.
[2026-03-23 21:33:14,234] multiqc                                            [DEBUG  ]  Reordering sections: anchor 'nf-core-rnasplice-methods-description' not found for module 'Samtools'.
[2026-03-23 21:33:14,234] multiqc                                            [DEBUG  ]  Reordering sections: anchor 'software_versions' not found for module 'Samtools'.
[2026-03-23 21:33:14,234] multiqc                                            [DEBUG  ]  Reordering sections: anchor 'nf-core-rnasplice-summary' not found for module 'Samtools'.
[2026-03-23 21:33:14,234] multiqc                                            [DEBUG  ]  Reordering sections: anchor 'nf-core-rnasplice-methods-description' not found for module 'Salmon'.
[2026-03-23 21:33:14,234] multiqc                                            [DEBUG  ]  Reordering sections: anchor 'software_versions' not found for module 'Salmon'.
[2026-03-23 21:33:14,234] multiqc                                            [DEBUG  ]  Reordering sections: anchor 'nf-core-rnasplice-summary' not found for module 'Salmon'.
[2026-03-23 21:33:14,234] multiqc                                            [DEBUG  ]  Reordering sections: anchor 'nf-core-rnasplice-methods-description' not found for module 'STAR'.
[2026-03-23 21:33:14,234] multiqc                                            [DEBUG  ]  Reordering sections: anchor 'software_versions' not found for module 'STAR'.
[2026-03-23 21:33:14,234] multiqc                                            [DEBUG  ]  Reordering sections: anchor 'nf-core-rnasplice-summary' not found for module 'STAR'.
[2026-03-23 21:33:14,234] multiqc                                            [DEBUG  ]  Reordering sections: anchor 'nf-core-rnasplice-methods-description' not found for module 'Cutadapt'.
[2026-03-23 21:33:14,234] multiqc                                            [DEBUG  ]  Reordering sections: anchor 'software_versions' not found for module 'Cutadapt'.
[2026-03-23 21:33:14,234] multiqc                                            [DEBUG  ]  Reordering sections: anchor 'nf-core-rnasplice-summary' not found for module 'Cutadapt'.
[2026-03-23 21:33:14,234] multiqc                                            [DEBUG  ]  Reordering sections: anchor 'nf-core-rnasplice-methods-description' not found for module 'FastQC'.
[2026-03-23 21:33:14,234] multiqc                                            [DEBUG  ]  Reordering sections: anchor 'software_versions' not found for module 'FastQC'.
[2026-03-23 21:33:14,234] multiqc                                            [DEBUG  ]  Reordering sections: anchor 'nf-core-rnasplice-summary' not found for module 'FastQC'.
[2026-03-23 21:33:14,234] multiqc                                            [DEBUG  ]  Reordering sections: anchor 'nf-core-rnasplice-methods-description' not found for module 'Software Versions'.
[2026-03-23 21:33:14,234] multiqc                                            [DEBUG  ]  Reordering sections: anchor 'software_versions' not found for module 'Software Versions'.
[2026-03-23 21:33:14,234] multiqc                                            [DEBUG  ]  Reordering sections: anchor 'nf-core-rnasplice-summary' not found for module 'Software Versions'.
[2026-03-23 21:33:14,234] multiqc                                            [DEBUG  ]  Reordering sections: anchor 'nf-core-rnasplice-methods-description' not found for module 'nf-core/rnasplice Methods Description'.
[2026-03-23 21:33:14,234] multiqc                                            [DEBUG  ]  Reordering sections: anchor 'software_versions' not found for module 'nf-core/rnasplice Methods Description'.
[2026-03-23 21:33:14,234] multiqc                                            [DEBUG  ]  Reordering sections: anchor 'nf-core-rnasplice-summary' not found for module 'nf-core/rnasplice Methods Description'.
[2026-03-23 21:33:14,234] multiqc                                            [DEBUG  ]  Reordering sections: anchor 'nf-core-rnasplice-methods-description' not found for module 'nf-core/rnasplice Software Versions'.
[2026-03-23 21:33:14,235] multiqc                                            [DEBUG  ]  Reordering sections: anchor 'software_versions' not found for module 'nf-core/rnasplice Software Versions'.
[2026-03-23 21:33:14,235] multiqc                                            [DEBUG  ]  Reordering sections: anchor 'nf-core-rnasplice-summary' not found for module 'nf-core/rnasplice Software Versions'.
[2026-03-23 21:33:14,235] multiqc                                            [DEBUG  ]  Reordering sections: anchor 'nf-core-rnasplice-methods-description' not found for module 'nf-core/rnasplice Workflow Summary'.
[2026-03-23 21:33:14,235] multiqc                                            [DEBUG  ]  Reordering sections: anchor 'software_versions' not found for module 'nf-core/rnasplice Workflow Summary'.
[2026-03-23 21:33:14,235] multiqc                                            [DEBUG  ]  Reordering sections: anchor 'nf-core-rnasplice-summary' not found for module 'nf-core/rnasplice Workflow Summary'.
[2026-03-23 21:33:14,303] multiqc                                            [DEBUG  ]  Compressing plot data
[2026-03-23 21:33:15,034] multiqc                                            [INFO   ]  Report      : multiqc_report.html
[2026-03-23 21:33:15,035] multiqc                                            [INFO   ]  Data        : multiqc_data
[2026-03-23 21:33:15,035] multiqc                                            [DEBUG  ]  Moving data file from '/scratch/5847919/tmp0if1ilb7/multiqc_data' to '/scratch/5847919/nxf.UsP6YuMrOV/multiqc_data'
[2026-03-23 21:33:15,041] multiqc                                            [DEBUG  ]  Full report path: /scratch/5847919/nxf.UsP6YuMrOV/multiqc_report.html
[2026-03-23 21:33:15,041] multiqc                                            [INFO   ]  Plots       : multiqc_plots
[2026-03-23 21:33:15,041] multiqc                                            [DEBUG  ]  Moving plots directory from '/scratch/5847919/tmp0if1ilb7/multiqc_plots' to '/scratch/5847919/nxf.UsP6YuMrOV/multiqc_plots'
[2026-03-23 21:33:15,135] multiqc                                            [INFO   ]  MultiQC complete
