This is pdfTeX, Version 3.141592653-2.6-1.40.27 (TeX Live 2025) (preloaded format=pdflatex 2025.3.8)  3 OCT 2025 11:24
entering extended mode
 restricted \write18 enabled.
 file:line:error style messages enabled.
 %&-line parsing enabled.
**"/Users/smarquez/Documents/GitHub Desktop/master-bioinformatics/writing/tfm-thesis/tfm-salomon-marquez.tex"
(/Users/smarquez/Documents/GitHub Desktop/master-bioinformatics/writing/tfm-thesis/tfm-salomon-marquez.tex
LaTeX2e <2024-11-01> patch level 2
L3 programming layer <2025-01-18>
(./TFUOC.cls
Document Class: TFUOC 2021/09/21 LaTeX Package for UOC final projects
(/usr/local/texlive/2025/texmf-dist/tex/latex/base/inputenc.sty
Package: inputenc 2024/02/08 v1.3d Input encoding file
\inpenc@prehook=\toks17
\inpenc@posthook=\toks18
) (/usr/local/texlive/2025/texmf-dist/tex/latex/base/ifthen.sty
Package: ifthen 2024/03/16 v1.1e Standard LaTeX ifthen package (DPC)
) (/usr/local/texlive/2025/texmf-dist/tex/latex/graphics/graphicx.sty
Package: graphicx 2021/09/16 v1.2d Enhanced LaTeX Graphics (DPC,SPQR)
 (/usr/local/texlive/2025/texmf-dist/tex/latex/graphics/keyval.sty
Package: keyval 2022/05/29 v1.15 key=value parser (DPC)
\KV@toks@=\toks19
) (/usr/local/texlive/2025/texmf-dist/tex/latex/graphics/graphics.sty
Package: graphics 2024/08/06 v1.4g Standard LaTeX Graphics (DPC,SPQR)
 (/usr/local/texlive/2025/texmf-dist/tex/latex/graphics/trig.sty
Package: trig 2023/12/02 v1.11 sin cos tan (DPC)
) (/usr/local/texlive/2025/texmf-dist/tex/latex/graphics-cfg/graphics.cfg
File: graphics.cfg 2016/06/04 v1.11 sample graphics configuration
)
Package graphics Info: Driver file: dvips.def on input line 106.
 (/usr/local/texlive/2025/texmf-dist/tex/latex/graphics-def/dvips.def
File: dvips.def 2022/09/22 v3.1e Graphics/color driver for dvips
))
\Gin@req@height=\dimen141
\Gin@req@width=\dimen142
) (/usr/local/texlive/2025/texmf-dist/tex/latex/url/url.sty
\Urlmuskip=\muskip17
Package: url 2013/09/16  ver 3.4  Verb mode for urls, etc.
) (/usr/local/texlive/2025/texmf-dist/tex/latex/fancyhdr/fancyhdr.sty
Package: fancyhdr 2025/02/07 v5.2 Extensive control of page headers and footers
\f@nch@headwidth=\skip49
\f@nch@offset@elh=\skip50
\f@nch@offset@erh=\skip51
\f@nch@offset@olh=\skip52
\f@nch@offset@orh=\skip53
\f@nch@offset@elf=\skip54
\f@nch@offset@erf=\skip55
\f@nch@offset@olf=\skip56
\f@nch@offset@orf=\skip57
\f@nch@height=\skip58
\f@nch@footalignment=\skip59
\f@nch@widthL=\skip60
\f@nch@widthC=\skip61
\f@nch@widthR=\skip62
\@temptokenb=\toks20
) (/usr/local/texlive/2025/texmf-dist/tex/latex/graphics/color.sty
Package: color 2024/06/23 v1.3e Standard LaTeX Color (DPC)
 (/usr/local/texlive/2025/texmf-dist/tex/latex/graphics-cfg/color.cfg
File: color.cfg 2016/01/02 v1.6 sample color configuration
)
Package color Info: Driver file: pdftex.def on input line 149.
 (/usr/local/texlive/2025/texmf-dist/tex/latex/graphics-def/pdftex.def
File: pdftex.def 2024/04/13 v1.2c Graphics/color driver for pdftex
) (/usr/local/texlive/2025/texmf-dist/tex/latex/graphics/mathcolor.ltx)) (/usr/local/texlive/2025/texmf-dist/tex/latex/tools/array.sty
Package: array 2024/10/17 v2.6g Tabular extension package (FMi)
\col@sep=\dimen143
\ar@mcellbox=\box52
\extrarowheight=\dimen144
\NC@list=\toks21
\extratabsurround=\skip63
\backup@length=\skip64
\ar@cellbox=\box53
) (/usr/local/texlive/2025/texmf-dist/tex/latex/colortbl/colortbl.sty
Package: colortbl 2024/07/06 v1.0i Color table columns (DPC)
\everycr=\toks22
\minrowclearance=\skip65
\rownum=\count196
) (/usr/local/texlive/2025/texmf-dist/tex/latex/xcolor/xcolor.sty
Package: xcolor 2024/09/29 v3.02 LaTeX color extensions (UK)
 (/usr/local/texlive/2025/texmf-dist/tex/latex/graphics-cfg/color.cfg
File: color.cfg 2016/01/02 v1.6 sample color configuration
)

Package xcolor Warning: Package option `usenames' is obsolete and ignored on input line 265.

Package xcolor Info: Driver file: pdftex.def on input line 274.
LaTeX Info: Redefining \color on input line 762.
(/usr/local/texlive/2025/texmf-dist/tex/latex/graphics/mathcolor.ltx)
Package xcolor Info: Model `cmy' substituted by `cmy0' on input line 1349.
Package xcolor Info: Model `RGB' extended on input line 1365.
Package xcolor Info: Model `HTML' substituted by `rgb' on input line 1367.
Package xcolor Info: Model `Hsb' substituted by `hsb' on input line 1368.
Package xcolor Info: Model `tHsb' substituted by `hsb' on input line 1369.
Package xcolor Info: Model `HSB' substituted by `hsb' on input line 1370.
Package xcolor Info: Model `Gray' substituted by `gray' on input line 1371.
Package xcolor Info: Model `wave' substituted by `hsb' on input line 1372.
) (/usr/local/texlive/2025/texmf-dist/tex/latex/graphics/dvipsnam.def
File: dvipsnam.def 2016/06/17 v3.0m Driver-dependent file (DPC,SPQR)
) (/usr/local/texlive/2025/texmf-dist/tex/latex/multirow/multirow.sty
Package: multirow 2024/11/12 v2.9 Span multiple rows of a table
\multirow@colwidth=\skip66
\multirow@cntb=\count197
\multirow@dima=\skip67
\bigstrutjot=\dimen145
) (/usr/local/texlive/2025/texmf-dist/tex/latex/tools/multicol.sty
Package: multicol 2024/09/14 v1.9i multicolumn formatting (FMi)
\c@tracingmulticols=\count198
\mult@box=\box54
\multicol@leftmargin=\dimen146
\c@unbalance=\count199
\c@collectmore=\count266
\doublecol@number=\count267
\multicoltolerance=\count268
\multicolpretolerance=\count269
\full@width=\dimen147
\page@free=\dimen148
\premulticols=\dimen149
\postmulticols=\dimen150
\multicolsep=\skip68
\multicolbaselineskip=\skip69
\partial@page=\box55
\last@line=\box56
\mc@boxedresult=\box57
\maxbalancingoverflow=\dimen151
\mult@rightbox=\box58
\mult@grightbox=\box59
\mult@firstbox=\box60
\mult@gfirstbox=\box61
\@tempa=\box62
\@tempa=\box63
\@tempa=\box64
\@tempa=\box65
\@tempa=\box66
\@tempa=\box67
\@tempa=\box68
\@tempa=\box69
\@tempa=\box70
\@tempa=\box71
\@tempa=\box72
\@tempa=\box73
\@tempa=\box74
\@tempa=\box75
\@tempa=\box76
\@tempa=\box77
\@tempa=\box78
\@tempa=\box79
\@tempa=\box80
\@tempa=\box81
\@tempa=\box82
\@tempa=\box83
\@tempa=\box84
\@tempa=\box85
\@tempa=\box86
\@tempa=\box87
\@tempa=\box88
\@tempa=\box89
\@tempa=\box90
\@tempa=\box91
\@tempa=\box92
\@tempa=\box93
\@tempa=\box94
\@tempa=\box95
\@tempa=\box96
\@tempa=\box97
\c@minrows=\count270
\c@columnbadness=\count271
\c@finalcolumnbadness=\count272
\last@try=\dimen152
\multicolovershoot=\dimen153
\multicolundershoot=\dimen154
\mult@nat@firstbox=\box98
\colbreak@box=\box99
\mc@col@check@num=\count273
) (/usr/local/texlive/2025/texmf-dist/tex/latex/stackengine/stackengine.sty
Package: stackengine 2021/07/22 v4.11\ Stacking text and objects in convenient ways
 (/usr/local/texlive/2025/texmf-dist/tex/latex/etoolbox/etoolbox.sty
Package: etoolbox 2025/02/11 v2.5l e-TeX tools for LaTeX (JAW)
\etb@tempcnta=\count274
) (/usr/local/texlive/2025/texmf-dist/tex/generic/listofitems/listofitems.sty (/usr/local/texlive/2025/texmf-dist/tex/generic/listofitems/listofitems.tex
\loi_cnt_foreach_nest=\count275
\loi_nestcnt=\count276
)
Package: listofitems 2024/03/09 v1.65 Grab items in lists using user-specified sep char (CT)
) (/usr/local/texlive/2025/texmf-dist/tex/latex/tools/calc.sty
Package: calc 2023/07/08 v4.3 Infix arithmetic (KKT,FJ)
\calc@Acount=\count277
\calc@Bcount=\count278
\calc@Adimen=\dimen155
\calc@Bdimen=\dimen156
\calc@Askip=\skip70
\calc@Bskip=\skip71
LaTeX Info: Redefining \setlength on input line 80.
LaTeX Info: Redefining \addtolength on input line 81.
\calc@Ccount=\count279
\calc@Cskip=\skip72
)
\c@@stackindex=\count280
\@boxshift=\skip73
\stack@tmplength=\skip74
\temp@stkl=\skip75
\@stackedboxwidth=\skip76
\@addedbox=\box100
\@anchorbox=\box101
\@insetbox=\box102
\se@backgroundbox=\box103
\stackedbox=\box104
\@centerbox=\box105
\c@ROWcellindex@=\count281
) (/usr/local/texlive/2025/texmf-dist/tex/latex/base/report.cls
Document Class: report 2024/06/29 v1.4n Standard LaTeX document class
(/usr/local/texlive/2025/texmf-dist/tex/latex/base/size12.clo
File: size12.clo 2024/06/29 v1.4n Standard LaTeX file (size option)
)
\c@part=\count282
\c@chapter=\count283
\c@section=\count284
\c@subsection=\count285
\c@subsubsection=\count286
\c@paragraph=\count287
\c@subparagraph=\count288
\c@figure=\count289
\c@table=\count290
\abovecaptionskip=\skip77
\belowcaptionskip=\skip78
\bibindent=\dimen157
) (/usr/local/texlive/2025/texmf-dist/tex/latex/geometry/geometry.sty
Package: geometry 2020/01/02 v5.9 Page Geometry
 (/usr/local/texlive/2025/texmf-dist/tex/generic/iftex/ifvtex.sty
Package: ifvtex 2019/10/25 v1.7 ifvtex legacy package. Use iftex instead.
 (/usr/local/texlive/2025/texmf-dist/tex/generic/iftex/iftex.sty
Package: iftex 2024/12/12 v1.0g TeX engine tests
))
\Gm@cnth=\count291
\Gm@cntv=\count292
\c@Gm@tempcnt=\count293
\Gm@bindingoffset=\dimen158
\Gm@wd@mp=\dimen159
\Gm@odd@mp=\dimen160
\Gm@even@mp=\dimen161
\Gm@layoutwidth=\dimen162
\Gm@layoutheight=\dimen163
\Gm@layouthoffset=\dimen164
\Gm@layoutvoffset=\dimen165
\Gm@dimlist=\toks23
) (/usr/local/texlive/2025/texmf-dist/tex/latex/sectsty/sectsty.sty
Package: sectsty 2002/02/25 v2.0.2 Commands to change all sectional heading styles


LaTeX Warning: Command \underbar  has changed.
               Check if current package is valid.


LaTeX Warning: Command \underline  has changed.
               Check if current package is valid.

) (/usr/local/texlive/2025/texmf-dist/tex/generic/babel/babel.sty
Package: babel 2025/02/14 v25.4 The multilingual framework for pdfLaTeX, LuaLaTeX and XeLaTeX
\babel@savecnt=\count294
\U@D=\dimen166
\l@unhyphenated=\language90
 (/usr/local/texlive/2025/texmf-dist/tex/generic/babel/txtbabel.def)
\bbl@readstream=\read2
\bbl@dirlevel=\count295
 (/usr/local/texlive/2025/texmf-dist/tex/generic/babel-english/english.ldf
Language: english 2017/06/06 v3.3r English support from the babel system
Package babel Info: Hyphen rules for 'canadian' set to \l@english
(babel)             (\language0). Reported on input line 102.
Package babel Info: Hyphen rules for 'australian' set to \l@ukenglish
(babel)             (\language22). Reported on input line 105.
Package babel Info: Hyphen rules for 'newzealand' set to \l@ukenglish
(babel)             (\language22). Reported on input line 108.
)) (/usr/local/texlive/2025/texmf-dist/tex/generic/babel/locale/en/babel-english.tex
Package babel Info: Importing font and identification data for english
(babel)             from babel-en.ini. Reported on input line 11.
)) (/usr/local/texlive/2025/texmf-dist/tex/latex/l3backend/l3backend-pdftex.def
File: l3backend-pdftex.def 2024-05-08 L3 backend support: PDF output (pdfTeX)
\l__color_backend_stack_int=\count296
\l__pdf_internal_box=\box106
) (./tfm-salomon-marquez.aux)
\openout1 = `tfm-salomon-marquez.aux'.

LaTeX Font Info:    Checking defaults for OML/cmm/m/it on input line 42.
LaTeX Font Info:    ... okay on input line 42.
LaTeX Font Info:    Checking defaults for OMS/cmsy/m/n on input line 42.
LaTeX Font Info:    ... okay on input line 42.
LaTeX Font Info:    Checking defaults for OT1/cmr/m/n on input line 42.
LaTeX Font Info:    ... okay on input line 42.
LaTeX Font Info:    Checking defaults for T1/cmr/m/n on input line 42.
LaTeX Font Info:    ... okay on input line 42.
LaTeX Font Info:    Checking defaults for TS1/cmr/m/n on input line 42.
LaTeX Font Info:    ... okay on input line 42.
LaTeX Font Info:    Checking defaults for OMX/cmex/m/n on input line 42.
LaTeX Font Info:    ... okay on input line 42.
LaTeX Font Info:    Checking defaults for U/cmr/m/n on input line 42.
LaTeX Font Info:    ... okay on input line 42.
 (/usr/local/texlive/2025/texmf-dist/tex/context/base/mkii/supp-pdf.mkii
[Loading MPS to PDF converter (version 2006.09.02).]
\scratchcounter=\count297
\scratchdimen=\dimen167
\scratchbox=\box107
\nofMPsegments=\count298
\nofMParguments=\count299
\everyMPshowfont=\toks24
\MPscratchCnt=\count300
\MPscratchDim=\dimen168
\MPnumerator=\count301
\makeMPintoPDFobject=\count302
\everyMPtoPDFconversion=\toks25
) (/usr/local/texlive/2025/texmf-dist/tex/latex/epstopdf-pkg/epstopdf-base.sty
Package: epstopdf-base 2020-01-24 v2.11 Base part for package epstopdf
 (/usr/local/texlive/2025/texmf-dist/tex/generic/infwarerr/infwarerr.sty
Package: infwarerr 2019/12/03 v1.5 Providing info/warning/error messages (HO)
) (/usr/local/texlive/2025/texmf-dist/tex/latex/grfext/grfext.sty
Package: grfext 2019/12/03 v1.3 Manage graphics extensions (HO)
 (/usr/local/texlive/2025/texmf-dist/tex/generic/kvdefinekeys/kvdefinekeys.sty
Package: kvdefinekeys 2019-12-19 v1.6 Define keys (HO)
)) (/usr/local/texlive/2025/texmf-dist/tex/latex/kvoptions/kvoptions.sty
Package: kvoptions 2022-06-15 v3.15 Key value format for package options (HO)
 (/usr/local/texlive/2025/texmf-dist/tex/generic/ltxcmds/ltxcmds.sty
Package: ltxcmds 2023-12-04 v1.26 LaTeX kernel commands for general use (HO)
) (/usr/local/texlive/2025/texmf-dist/tex/latex/kvsetkeys/kvsetkeys.sty
Package: kvsetkeys 2022-10-05 v1.19 Key value parser (HO)
)) (/usr/local/texlive/2025/texmf-dist/tex/generic/pdftexcmds/pdftexcmds.sty
Package: pdftexcmds 2020-06-27 v0.33 Utility functions of pdfTeX for LuaTeX (HO)
Package pdftexcmds Info: \pdf@primitive is available.
Package pdftexcmds Info: \pdf@ifprimitive is available.
Package pdftexcmds Info: \pdfdraftmode found.
)
Package epstopdf-base Info: Redefining graphics rule for `.eps' on input line 485.
Package grfext Info: Graphics extension search list:
(grfext)             [.pdf,.png,.jpg,.mps,.jpeg,.jbig2,.jb2,.PDF,.PNG,.JPG,.JPEG,.JBIG2,.JB2,.eps]
(grfext)             \AppendGraphicsExtensions on input line 504.
 (/usr/local/texlive/2025/texmf-dist/tex/latex/latexconfig/epstopdf-sys.cfg
File: epstopdf-sys.cfg 2010/07/13 v1.3 Configuration of (r)epstopdf for TeX Live
))
*geometry* driver: auto-detecting
*geometry* detected driver: pdftex
*geometry* verbose mode - [ preamble ] result:
* driver: pdftex
* paper: <default>
* layout: <same size as paper>
* layoutoffset:(h,v)=(0.0pt,0.0pt)
* modes: 
* h-part:(L,W,R)=(92.14519pt, 430.00462pt, 92.14519pt)
* v-part:(T,H,B)=(95.39737pt, 556.47656pt, 143.09605pt)
* \paperwidth=614.295pt
* \paperheight=794.96999pt
* \textwidth=483.69684pt
* \textheight=654.41338pt
* \oddsidemargin=21.33955pt
* \evensidemargin=21.33955pt
* \topmargin=0.0pt
* \headheight=35.0pt
* \headsep=25.0pt
* \topskip=12.0pt
* \footskip=30.0pt
* \marginparwidth=44.0pt
* \marginparsep=10.0pt
* \columnsep=10.0pt
* \skip\footins=10.8pt plus 4.0pt minus 2.0pt
* \hoffset=-28.45274pt
* \voffset=-56.9055pt
* \mag=1000
* \@twocolumnfalse
* \@twosidefalse
* \@mparswitchfalse
* \@reversemarginfalse
* (1in=72.27pt=25.4mm, 1cm=28.453pt)


Package geometry Warning: `bmargin' results in NEGATIVE (-30.15993pt).
    `height' or `tmargin' should be shortened in length.

*geometry* verbose mode - [ newgeometry ] result:
* driver: pdftex
* paper: <default>
* layout: <same size as paper>
* layoutoffset:(h,v)=(0.0pt,0.0pt)
* modes: 
* h-part:(L,W,R)=(56.9055pt, 483.69684pt, 73.69266pt)
* v-part:(T,H,B)=(85.35826pt, 739.77165pt, -30.15993pt)
* \paperwidth=614.295pt
* \paperheight=794.96999pt
* \textwidth=483.69684pt
* \textheight=739.77165pt
* \oddsidemargin=-15.36449pt
* \evensidemargin=-15.36449pt
* \topmargin=-46.91173pt
* \headheight=35.0pt
* \headsep=25.0pt
* \topskip=12.0pt
* \footskip=30.0pt
* \marginparwidth=44.0pt
* \marginparsep=10.0pt
* \columnsep=10.0pt
* \skip\footins=10.8pt plus 4.0pt minus 2.0pt
* \hoffset=-28.45274pt
* \voffset=-56.9055pt
* \mag=1000
* \@twocolumnfalse
* \@twosidefalse
* \@mparswitchfalse
* \@reversemarginfalse
* (1in=72.27pt=25.4mm, 1cm=28.453pt)

LaTeX Font Info:    External font `cmex10' loaded for size
(Font)              <12> on input line 44.
LaTeX Font Info:    External font `cmex10' loaded for size
(Font)              <8> on input line 44.
LaTeX Font Info:    External font `cmex10' loaded for size
(Font)              <6> on input line 44.
<UOCllarg.jpg, id=1, 998.73125pt x 2642.87375pt>
File: UOCllarg.jpg Graphic file (type jpg)
<use UOCllarg.jpg>
Package pdftex.def Info: UOCllarg.jpg  used on input line 44.
(pdftex.def)             Requested size: 177.82971pt x 470.57523pt.

Overfull \hbox (305.86713pt too wide) in paragraph at lines 44--44
[]|$[]$
 []


Underfull \hbox (badness 10000) in paragraph at lines 44--44

 []


Overfull \hbox (184.9429pt too wide) in paragraph at lines 44--44
[]|$[]$| 
 []


Overfull \hbox (53.6248pt too wide) in paragraph at lines 44--44
[][] 
 []



[1
Non-PDF special ignored!
<special> papersize=614.295pt,794.96999pt


{/usr/local/texlive/2025/texmf-var/fonts/map/pdftex/updmap/pdftex.map} <./UOCllarg.jpg>]
<./licenc/ccby.png, id=9, 66.2475pt x 24.09pt>
File: ./licenc/ccby.png Graphic file (type png)
<use ./licenc/ccby.png>
Package pdftex.def Info: ./licenc/ccby.png  used on input line 44.
(pdftex.def)             Requested size: 66.24733pt x 24.08992pt.


<noulogo.png, id=11, 671.6292pt x 173.448pt>
File: noulogo.png Graphic file (type png)
<use noulogo.png>
Package pdftex.def Info: noulogo.png  used on input line 44.
(pdftex.def)             Requested size: 165.26283pt x 42.67912pt.

Package fancyhdr Warning: \headheight is too small (35.0pt): 
(fancyhdr)                Make it at least 42.67912pt, for example:
(fancyhdr)                \setlength{\headheight}{42.67912pt}.
(fancyhdr)                You might also make \topmargin smaller:
(fancyhdr)                \addtolength{\topmargin}{-7.67912pt}.

<eimt.png, id=12, 74.1972pt x 10.1178pt>
File: eimt.png Graphic file (type png)
<use eimt.png>
Package pdftex.def Info: eimt.png  used on input line 44.
(pdftex.def)             Requested size: 73.03314pt x 9.95863pt.
[1

 <./noulogo.png> <./licenc/ccby.png> <./eimt.png>]

File: noulogo.png Graphic file (type png)
<use noulogo.png>
Package pdftex.def Info: noulogo.png  used on input line 44.
(pdftex.def)             Requested size: 165.26283pt x 42.67912pt.

Package fancyhdr Warning: \headheight is too small (35.0pt): 
(fancyhdr)                Make it at least 42.67912pt, for example:
(fancyhdr)                \setlength{\headheight}{42.67912pt}.
(fancyhdr)                You might also make \topmargin smaller:
(fancyhdr)                \addtolength{\topmargin}{-7.67912pt}.

File: eimt.png Graphic file (type png)
<use eimt.png>
Package pdftex.def Info: eimt.png  used on input line 44.
(pdftex.def)             Requested size: 73.03314pt x 9.95863pt.
[2]

File: noulogo.png Graphic file (type png)
<use noulogo.png>
Package pdftex.def Info: noulogo.png  used on input line 46.
(pdftex.def)             Requested size: 165.26283pt x 42.67912pt.

Package fancyhdr Warning: \headheight is too small (35.0pt): 
(fancyhdr)                Make it at least 42.67912pt, for example:
(fancyhdr)                \setlength{\headheight}{42.67912pt}.
(fancyhdr)                You might also make \topmargin smaller:
(fancyhdr)                \addtolength{\topmargin}{-7.67912pt}.

File: eimt.png Graphic file (type png)
<use eimt.png>
Package pdftex.def Info: eimt.png  used on input line 46.
(pdftex.def)             Requested size: 73.03314pt x 9.95863pt.
[3] (./tfm-salomon-marquez.toc)
\tf@toc=\write3
\openout3 = `tfm-salomon-marquez.toc'.



File: noulogo.png Graphic file (type png)
<use noulogo.png>
Package pdftex.def Info: noulogo.png  used on input line 48.
(pdftex.def)             Requested size: 165.26283pt x 42.67912pt.

Package fancyhdr Warning: \headheight is too small (35.0pt): 
(fancyhdr)                Make it at least 42.67912pt, for example:
(fancyhdr)                \setlength{\headheight}{42.67912pt}.
(fancyhdr)                You might also make \topmargin smaller:
(fancyhdr)                \addtolength{\topmargin}{-7.67912pt}.

File: eimt.png Graphic file (type png)
<use eimt.png>
Package pdftex.def Info: eimt.png  used on input line 48.
(pdftex.def)             Requested size: 73.03314pt x 9.95863pt.
[4

] (./tfm-salomon-marquez.lof)
\tf@lof=\write4
\openout4 = `tfm-salomon-marquez.lof'.



File: noulogo.png Graphic file (type png)
<use noulogo.png>
Package pdftex.def Info: noulogo.png  used on input line 50.
(pdftex.def)             Requested size: 165.26283pt x 42.67912pt.

Package fancyhdr Warning: \headheight is too small (35.0pt): 
(fancyhdr)                Make it at least 42.67912pt, for example:
(fancyhdr)                \setlength{\headheight}{42.67912pt}.
(fancyhdr)                You might also make \topmargin smaller:
(fancyhdr)                \addtolength{\topmargin}{-7.67912pt}.

File: eimt.png Graphic file (type png)
<use eimt.png>
Package pdftex.def Info: eimt.png  used on input line 50.
(pdftex.def)             Requested size: 73.03314pt x 9.95863pt.
[5

] (./tfm-salomon-marquez.lot)
\tf@lot=\write5
\openout5 = `tfm-salomon-marquez.lot'.



File: noulogo.png Graphic file (type png)
<use noulogo.png>
Package pdftex.def Info: noulogo.png  used on input line 55.
(pdftex.def)             Requested size: 165.26283pt x 42.67912pt.

Package fancyhdr Warning: \headheight is too small (35.0pt): 
(fancyhdr)                Make it at least 42.67912pt, for example:
(fancyhdr)                \setlength{\headheight}{42.67912pt}.
(fancyhdr)                You might also make \topmargin smaller:
(fancyhdr)                \addtolength{\topmargin}{-7.67912pt}.

File: eimt.png Graphic file (type png)
<use eimt.png>
Package pdftex.def Info: eimt.png  used on input line 55.
(pdftex.def)             Requested size: 73.03314pt x 9.95863pt.
[6

]
Chapter 1.


File: noulogo.png Graphic file (type png)
<use noulogo.png>
Package pdftex.def Info: noulogo.png  used on input line 87.
(pdftex.def)             Requested size: 165.26283pt x 42.67912pt.

Package fancyhdr Warning: \headheight is too small (35.0pt): 
(fancyhdr)                Make it at least 42.67912pt, for example:
(fancyhdr)                \setlength{\headheight}{42.67912pt}.
(fancyhdr)                You might also make \topmargin smaller:
(fancyhdr)                \addtolength{\topmargin}{-7.67912pt}.

File: eimt.png Graphic file (type png)
<use eimt.png>
Package pdftex.def Info: eimt.png  used on input line 87.
(pdftex.def)             Requested size: 73.03314pt x 9.95863pt.
[7

]

File: noulogo.png Graphic file (type png)
<use noulogo.png>
Package pdftex.def Info: noulogo.png  used on input line 104.
(pdftex.def)             Requested size: 165.26283pt x 42.67912pt.

Package fancyhdr Warning: \headheight is too small (35.0pt): 
(fancyhdr)                Make it at least 42.67912pt, for example:
(fancyhdr)                \setlength{\headheight}{42.67912pt}.
(fancyhdr)                You might also make \topmargin smaller:
(fancyhdr)                \addtolength{\topmargin}{-7.67912pt}.

File: eimt.png Graphic file (type png)
<use eimt.png>
Package pdftex.def Info: eimt.png  used on input line 104.
(pdftex.def)             Requested size: 73.03314pt x 9.95863pt.
[8]
Chapter 2.


File: noulogo.png Graphic file (type png)
<use noulogo.png>
Package pdftex.def Info: noulogo.png  used on input line 119.
(pdftex.def)             Requested size: 165.26283pt x 42.67912pt.

Package fancyhdr Warning: \headheight is too small (35.0pt): 
(fancyhdr)                Make it at least 42.67912pt, for example:
(fancyhdr)                \setlength{\headheight}{42.67912pt}.
(fancyhdr)                You might also make \topmargin smaller:
(fancyhdr)                \addtolength{\topmargin}{-7.67912pt}.

File: eimt.png Graphic file (type png)
<use eimt.png>
Package pdftex.def Info: eimt.png  used on input line 119.
(pdftex.def)             Requested size: 73.03314pt x 9.95863pt.
[9

{/usr/local/texlive/2025/texmf-dist/fonts/enc/dvips/cm-super/cm-super-ts1.enc}]
Chapter 3.
<Rplotmanh.png, id=48, 474.77374pt x 501.875pt>
File: Rplotmanh.png Graphic file (type png)
<use Rplotmanh.png>
Package pdftex.def Info: Rplotmanh.png  used on input line 130.
(pdftex.def)             Requested size: 199.16928pt x 210.541pt.


File: noulogo.png Graphic file (type png)
<use noulogo.png>
Package pdftex.def Info: noulogo.png  used on input line 143.
(pdftex.def)             Requested size: 165.26283pt x 42.67912pt.

Package fancyhdr Warning: \headheight is too small (35.0pt): 
(fancyhdr)                Make it at least 42.67912pt, for example:
(fancyhdr)                \setlength{\headheight}{42.67912pt}.
(fancyhdr)                You might also make \topmargin smaller:
(fancyhdr)                \addtolength{\topmargin}{-7.67912pt}.

File: eimt.png Graphic file (type png)
<use eimt.png>
Package pdftex.def Info: eimt.png  used on input line 143.
(pdftex.def)             Requested size: 73.03314pt x 9.95863pt.
[10

 <./Rplotmanh.png>]
Chapter 4.

Overfull \hbox (17.33546pt too wide) in paragraph at lines 163--164
[]\OT1/cmr/m/n/12 From the im-pacts fore-seen in 1.3[], ethical-social, sus-tain-abil-ity and di-ver-sity, eval-u-ate/mention
 []



File: noulogo.png Graphic file (type png)
<use noulogo.png>
Package pdftex.def Info: noulogo.png  used on input line 184.
(pdftex.def)             Requested size: 165.26283pt x 42.67912pt.

Package fancyhdr Warning: \headheight is too small (35.0pt): 
(fancyhdr)                Make it at least 42.67912pt, for example:
(fancyhdr)                \setlength{\headheight}{42.67912pt}.
(fancyhdr)                You might also make \topmargin smaller:
(fancyhdr)                \addtolength{\topmargin}{-7.67912pt}.

File: eimt.png Graphic file (type png)
<use eimt.png>
Package pdftex.def Info: eimt.png  used on input line 184.
(pdftex.def)             Requested size: 73.03314pt x 9.95863pt.
[11

]
Chapter 5.


File: noulogo.png Graphic file (type png)
<use noulogo.png>
Package pdftex.def Info: noulogo.png  used on input line 190.
(pdftex.def)             Requested size: 165.26283pt x 42.67912pt.

Package fancyhdr Warning: \headheight is too small (35.0pt): 
(fancyhdr)                Make it at least 42.67912pt, for example:
(fancyhdr)                \setlength{\headheight}{42.67912pt}.
(fancyhdr)                You might also make \topmargin smaller:
(fancyhdr)                \addtolength{\topmargin}{-7.67912pt}.

File: eimt.png Graphic file (type png)
<use eimt.png>
Package pdftex.def Info: eimt.png  used on input line 190.
(pdftex.def)             Requested size: 73.03314pt x 9.95863pt.
[12

]
Chapter 6.


File: noulogo.png Graphic file (type png)
<use noulogo.png>
Package pdftex.def Info: noulogo.png  used on input line 205.
(pdftex.def)             Requested size: 165.26283pt x 42.67912pt.

Package fancyhdr Warning: \headheight is too small (35.0pt): 
(fancyhdr)                Make it at least 42.67912pt, for example:
(fancyhdr)                \setlength{\headheight}{42.67912pt}.
(fancyhdr)                You might also make \topmargin smaller:
(fancyhdr)                \addtolength{\topmargin}{-7.67912pt}.

File: eimt.png Graphic file (type png)
<use eimt.png>
Package pdftex.def Info: eimt.png  used on input line 205.
(pdftex.def)             Requested size: 73.03314pt x 9.95863pt.
[13

]

File: noulogo.png Graphic file (type png)
<use noulogo.png>
Package pdftex.def Info: noulogo.png  used on input line 211.
(pdftex.def)             Requested size: 165.26283pt x 42.67912pt.

Package fancyhdr Warning: \headheight is too small (35.0pt): 
(fancyhdr)                Make it at least 42.67912pt, for example:
(fancyhdr)                \setlength{\headheight}{42.67912pt}.
(fancyhdr)                You might also make \topmargin smaller:
(fancyhdr)                \addtolength{\topmargin}{-7.67912pt}.

File: eimt.png Graphic file (type png)
<use eimt.png>
Package pdftex.def Info: eimt.png  used on input line 211.
(pdftex.def)             Requested size: 73.03314pt x 9.95863pt.
[14] (./tfm-salomon-marquez.aux)
 ***********
LaTeX2e <2024-11-01> patch level 2
L3 programming layer <2025-01-18>
 ***********
 ) 
Here is how much of TeX's memory you used:
 5940 strings out of 473190
 98786 string characters out of 5715801
 534650 words of memory out of 5000000
 29089 multiletter control sequences out of 15000+600000
 563598 words of font info for 52 fonts, out of 8000000 for 9000
 1141 hyphenation exceptions out of 8191
 72i,21n,85p,528b,504s stack positions out of 10000i,1000n,20000p,200000b,200000s
</usr/local/texlive/2025/texmf-dist/fonts/type1/public/amsfonts/cm/cmbx12.pfb></usr/local/texlive/2025/texmf-dist/fonts/type1/public/amsfonts/cm/cmr12.pfb></usr/local/texlive/2025/texmf-dist/fonts/type1/public/amsfonts/cm/cmr17.pfb></usr/local/texlive/2025/texmf-dist/fonts/type1/public/amsfonts/cm/cmr8.pfb></usr/local/texlive/2025/texmf-dist/fonts/type1/public/amsfonts/cm/cmtt12.pfb></usr/local/texlive/2025/texmf-dist/fonts/type1/public/cm-super/sfrm1200.pfb>
Output written on tfm-salomon-marquez.pdf (15 pages, 275302 bytes).
PDF statistics:
 94 PDF objects out of 1000 (max. 8388607)
 55 compressed objects within 1 object stream
 0 named destinations out of 1000 (max. 500000)
 26 words of extra memory for PDF output out of 10000 (max. 10000000)

